{"name":"Log","hostname":"ghost.hathawaynet.net","pid":9181,"level":30,"msg":"Ghost is running in development...","time":"2021-09-26T17:21:27.701Z","v":0}
{"name":"Log","hostname":"ghost.hathawaynet.net","pid":9181,"level":30,"msg":"Listening on: 127.0.0.1:2368","time":"2021-09-26T17:21:27.703Z","v":0}
{"name":"Log","hostname":"ghost.hathawaynet.net","pid":9181,"level":30,"msg":"Url configured as: http://localhost:2368/","time":"2021-09-26T17:21:27.704Z","v":0}
{"name":"Log","hostname":"ghost.hathawaynet.net","pid":9181,"level":30,"msg":"Ctrl+C to shut down","time":"2021-09-26T17:21:27.704Z","v":0}
{"name":"Log","hostname":"ghost.hathawaynet.net","pid":9181,"level":30,"msg":"Ghost server started in 0.597s","time":"2021-09-26T17:21:27.709Z","v":0}
{"name":"Log","hostname":"ghost.hathawaynet.net","pid":9181,"level":40,"msg":"Database state requires initialisation.","time":"2021-09-26T17:21:28.064Z","v":0}
{"name":"Log","hostname":"ghost.hathawaynet.net","pid":9181,"level":30,"msg":"Creating table: posts","time":"2021-09-26T17:21:29.035Z","v":0}
{"name":"Log","hostname":"ghost.hathawaynet.net","pid":9181,"level":30,"msg":"Creating table: posts_meta","time":"2021-09-26T17:21:29.091Z","v":0}
{"name":"Log","hostname":"ghost.hathawaynet.net","pid":9181,"level":30,"msg":"Creating table: users","time":"2021-09-26T17:21:29.132Z","v":0}
{"name":"Log","hostname":"ghost.hathawaynet.net","pid":9181,"level":30,"msg":"Creating table: oauth","time":"2021-09-26T17:21:29.195Z","v":0}
{"name":"Log","hostname":"ghost.hathawaynet.net","pid":9181,"level":30,"msg":"Creating table: posts_authors","time":"2021-09-26T17:21:29.217Z","v":0}
{"name":"Log","hostname":"ghost.hathawaynet.net","pid":9181,"level":30,"msg":"Creating table: roles","time":"2021-09-26T17:21:29.238Z","v":0}
{"name":"Log","hostname":"ghost.hathawaynet.net","pid":9181,"level":30,"msg":"Creating table: roles_users","time":"2021-09-26T17:21:29.280Z","v":0}
{"name":"Log","hostname":"ghost.hathawaynet.net","pid":9181,"level":30,"msg":"Creating table: permissions","time":"2021-09-26T17:21:29.301Z","v":0}
{"name":"Log","hostname":"ghost.hathawaynet.net","pid":9181,"level":30,"msg":"Creating table: permissions_users","time":"2021-09-26T17:21:29.343Z","v":0}
{"name":"Log","hostname":"ghost.hathawaynet.net","pid":9181,"level":30,"msg":"Creating table: permissions_roles","time":"2021-09-26T17:21:29.364Z","v":0}
{"name":"Log","hostname":"ghost.hathawaynet.net","pid":9181,"level":30,"msg":"Creating table: settings","time":"2021-09-26T17:21:29.386Z","v":0}
{"name":"Log","hostname":"ghost.hathawaynet.net","pid":9181,"level":30,"msg":"Creating table: tags","time":"2021-09-26T17:21:29.428Z","v":0}
{"name":"Log","hostname":"ghost.hathawaynet.net","pid":9181,"level":30,"msg":"Creating table: posts_tags","time":"2021-09-26T17:21:29.470Z","v":0}
{"name":"Log","hostname":"ghost.hathawaynet.net","pid":9181,"level":30,"msg":"Creating table: invites","time":"2021-09-26T17:21:29.492Z","v":0}
{"name":"Log","hostname":"ghost.hathawaynet.net","pid":9181,"level":30,"msg":"Creating table: brute","time":"2021-09-26T17:21:29.554Z","v":0}
{"name":"Log","hostname":"ghost.hathawaynet.net","pid":9181,"level":30,"msg":"Creating table: sessions","time":"2021-09-26T17:21:29.575Z","v":0}
{"name":"Log","hostname":"ghost.hathawaynet.net","pid":9181,"level":30,"msg":"Creating table: integrations","time":"2021-09-26T17:21:29.616Z","v":0}
{"name":"Log","hostname":"ghost.hathawaynet.net","pid":9181,"level":30,"msg":"Creating table: webhooks","time":"2021-09-26T17:21:29.657Z","v":0}
{"name":"Log","hostname":"ghost.hathawaynet.net","pid":9181,"level":30,"msg":"Creating table: api_keys","time":"2021-09-26T17:21:29.678Z","v":0}
{"name":"Log","hostname":"ghost.hathawaynet.net","pid":9181,"level":30,"msg":"Creating table: mobiledoc_revisions","time":"2021-09-26T17:21:29.718Z","v":0}
{"name":"Log","hostname":"ghost.hathawaynet.net","pid":9181,"level":30,"msg":"Creating table: members","time":"2021-09-26T17:21:29.757Z","v":0}
{"name":"Log","hostname":"ghost.hathawaynet.net","pid":9181,"level":30,"msg":"Creating table: products","time":"2021-09-26T17:21:29.835Z","v":0}
{"name":"Log","hostname":"ghost.hathawaynet.net","pid":9181,"level":30,"msg":"Creating table: benefits","time":"2021-09-26T17:21:29.874Z","v":0}
{"name":"Log","hostname":"ghost.hathawaynet.net","pid":9181,"level":30,"msg":"Creating table: products_benefits","time":"2021-09-26T17:21:29.914Z","v":0}
{"name":"Log","hostname":"ghost.hathawaynet.net","pid":9181,"level":30,"msg":"Creating table: members_products","time":"2021-09-26T17:21:29.935Z","v":0}
{"name":"Log","hostname":"ghost.hathawaynet.net","pid":9181,"level":30,"msg":"Creating table: members_payment_events","time":"2021-09-26T17:21:29.959Z","v":0}
{"name":"Log","hostname":"ghost.hathawaynet.net","pid":9181,"level":30,"msg":"Creating table: members_login_events","time":"2021-09-26T17:21:29.980Z","v":0}
{"name":"Log","hostname":"ghost.hathawaynet.net","pid":9181,"level":30,"msg":"Creating table: members_email_change_events","time":"2021-09-26T17:21:30.000Z","v":0}
{"name":"Log","hostname":"ghost.hathawaynet.net","pid":9181,"level":30,"msg":"Creating table: members_status_events","time":"2021-09-26T17:21:30.021Z","v":0}
{"name":"Log","hostname":"ghost.hathawaynet.net","pid":9181,"level":30,"msg":"Creating table: members_product_events","time":"2021-09-26T17:21:30.041Z","v":0}
{"name":"Log","hostname":"ghost.hathawaynet.net","pid":9181,"level":30,"msg":"Creating table: members_paid_subscription_events","time":"2021-09-26T17:21:30.062Z","v":0}
{"name":"Log","hostname":"ghost.hathawaynet.net","pid":9181,"level":30,"msg":"Creating table: labels","time":"2021-09-26T17:21:30.082Z","v":0}
{"name":"Log","hostname":"ghost.hathawaynet.net","pid":9181,"level":30,"msg":"Creating table: members_labels","time":"2021-09-26T17:21:30.141Z","v":0}
{"name":"Log","hostname":"ghost.hathawaynet.net","pid":9181,"level":30,"msg":"Creating table: members_stripe_customers","time":"2021-09-26T17:21:30.161Z","v":0}
{"name":"Log","hostname":"ghost.hathawaynet.net","pid":9181,"level":30,"msg":"Creating table: members_stripe_customers_subscriptions","time":"2021-09-26T17:21:30.201Z","v":0}
{"name":"Log","hostname":"ghost.hathawaynet.net","pid":9181,"level":30,"msg":"Creating table: members_subscribe_events","time":"2021-09-26T17:21:30.261Z","v":0}
{"name":"Log","hostname":"ghost.hathawaynet.net","pid":9181,"level":30,"msg":"Creating table: stripe_products","time":"2021-09-26T17:21:30.283Z","v":0}
{"name":"Log","hostname":"ghost.hathawaynet.net","pid":9181,"level":30,"msg":"Creating table: stripe_prices","time":"2021-09-26T17:21:30.323Z","v":0}
{"name":"Log","hostname":"ghost.hathawaynet.net","pid":9181,"level":30,"msg":"Creating table: actions","time":"2021-09-26T17:21:30.363Z","v":0}
{"name":"Log","hostname":"ghost.hathawaynet.net","pid":9181,"level":30,"msg":"Creating table: emails","time":"2021-09-26T17:21:30.384Z","v":0}
{"name":"Log","hostname":"ghost.hathawaynet.net","pid":9181,"level":30,"msg":"Creating table: email_batches","time":"2021-09-26T17:21:30.444Z","v":0}
{"name":"Log","hostname":"ghost.hathawaynet.net","pid":9181,"level":30,"msg":"Creating table: email_recipients","time":"2021-09-26T17:21:30.466Z","v":0}
{"name":"Log","hostname":"ghost.hathawaynet.net","pid":9181,"level":30,"msg":"Creating table: tokens","time":"2021-09-26T17:21:30.587Z","v":0}
{"name":"Log","hostname":"ghost.hathawaynet.net","pid":9181,"level":30,"msg":"Creating table: snippets","time":"2021-09-26T17:21:30.630Z","v":0}
{"name":"Log","hostname":"ghost.hathawaynet.net","pid":9181,"level":30,"msg":"Creating table: temp_member_analytic_events","time":"2021-09-26T17:21:30.672Z","v":0}
{"name":"Log","hostname":"ghost.hathawaynet.net","pid":9181,"level":30,"msg":"Creating table: custom_theme_settings","time":"2021-09-26T17:21:30.695Z","v":0}
{"name":"Log","hostname":"ghost.hathawaynet.net","pid":9181,"level":30,"msg":"Model: Product","time":"2021-09-26T17:21:30.740Z","v":0}
{"name":"Log","hostname":"ghost.hathawaynet.net","pid":9181,"level":30,"msg":"Model: Tag","time":"2021-09-26T17:21:30.767Z","v":0}
{"name":"Log","hostname":"ghost.hathawaynet.net","pid":9181,"level":30,"msg":"Model: Role","time":"2021-09-26T17:21:30.775Z","v":0}
{"name":"Log","hostname":"ghost.hathawaynet.net","pid":9181,"level":30,"msg":"Model: Permission","time":"2021-09-26T17:21:30.808Z","v":0}
{"name":"Log","hostname":"ghost.hathawaynet.net","pid":9181,"level":30,"msg":"Model: User","time":"2021-09-26T17:21:31.127Z","v":0}
{"name":"Log","hostname":"ghost.hathawaynet.net","pid":9181,"level":30,"msg":"Model: Post","time":"2021-09-26T17:21:31.604Z","v":0}
{"name":"Log","hostname":"ghost.hathawaynet.net","pid":9181,"level":30,"msg":"Model: Integration","time":"2021-09-26T17:21:32.136Z","v":0}
{"name":"Log","hostname":"ghost.hathawaynet.net","pid":9181,"level":30,"msg":"Relation: Role to Permission","time":"2021-09-26T17:21:32.168Z","v":0}
{"name":"Log","hostname":"ghost.hathawaynet.net","pid":9181,"level":30,"msg":"Relation: Post to Tag","time":"2021-09-26T17:21:32.415Z","v":0}
{"name":"Log","hostname":"ghost.hathawaynet.net","pid":9181,"level":30,"msg":"Relation: User to Role","time":"2021-09-26T17:21:32.447Z","v":0}
{"name":"Log","hostname":"ghost.hathawaynet.net","pid":9181,"level":30,"msg":"Database is in a ready state.","time":"2021-09-26T17:21:32.751Z","v":0}
{"name":"Log","hostname":"ghost.hathawaynet.net","pid":9181,"level":30,"msg":"Ghost database ready in 5.64s","time":"2021-09-26T17:21:32.751Z","v":0}
{"name":"Log","hostname":"ghost.hathawaynet.net","pid":9181,"level":30,"msg":"Ghost booted in 9.846s","time":"2021-09-26T17:21:36.957Z","v":0}
{"name":"Log","hostname":"ghost.hathawaynet.net","pid":9181,"level":30,"msg":"Adding offloaded job to the queue","time":"2021-09-26T17:21:36.963Z","v":0}
{"name":"Log","hostname":"ghost.hathawaynet.net","pid":9181,"level":30,"msg":"Scheduling job update-check at 29 59 3 * * *. Next run on: Mon Sep 27 2021 03:59:29 GMT-0700 (Pacific Daylight Time)","time":"2021-09-26T17:21:36.975Z","v":0}
{"name":"Log","hostname":"ghost.hathawaynet.net","pid":9181,"level":40,"msg":"Ghost is shutting down","time":"2021-09-26T17:22:23.450Z","v":0}
{"name":"Log","hostname":"ghost.hathawaynet.net","pid":9181,"level":40,"msg":"Ghost has shut down","time":"2021-09-26T17:22:23.453Z","v":0}
{"name":"Log","hostname":"ghost.hathawaynet.net","pid":9181,"level":40,"msg":"Ghost was running for a minute","time":"2021-09-26T17:22:23.454Z","v":0}
